<?xml version="1.0" encoding="UTF-8"?>
<!-- Generated by org.testng.reporters.JUnitReportReporter -->
<testsuite hostname="DESKTOP-1C4Q6IJ" failures="0" tests="1" name="com.qa.tests.DummyTest" time="0.018" errors="0" timestamp="17 Jul 2021 21:41:03 GMT" skipped="0">
  <testcase classname="com.qa.tests.DummyTest" name="test" time="0.018"/>
</testsuite> <!-- com.qa.tests.DummyTest -->
